ARM GAS  C:\Users\andre\AppData\Local\Temp\ccNKpkpz.s 			page 1


   1              		.syntax unified
   2              		.cpu cortex-m3
   3              		.fpu softvfp
   4              		.eabi_attribute 20, 1
   5              		.eabi_attribute 21, 1
   6              		.eabi_attribute 23, 3
   7              		.eabi_attribute 24, 1
   8              		.eabi_attribute 25, 1
   9              		.eabi_attribute 26, 1
  10              		.eabi_attribute 30, 6
  11              		.eabi_attribute 34, 1
  12              		.eabi_attribute 18, 4
  13              		.thumb
  14              		.file	"cymetadata.c"
  15              		.text
  16              	.Ltext0:
  17              		.cfi_sections	.debug_frame
  18              		.global	cy_meta_configecc
  19              		.section	.cyconfigecc,"a",%progbits
  20              		.align	2
  21              		.type	cy_meta_configecc, %object
  22              		.size	cy_meta_configecc, 1176
  23              	cy_meta_configecc:
  24 0000 02       		.byte	2
  25 0001 52       		.byte	82
  26 0002 00       		.byte	0
  27 0003 40       		.byte	64
  28 0004 02       		.byte	2
  29 0005 64       		.byte	100
  30 0006 00       		.byte	0
  31 0007 40       		.byte	64
  32 0008 02       		.byte	2
  33 0009 65       		.byte	101
  34 000a 00       		.byte	0
  35 000b 40       		.byte	64
  36 000c 5D       		.byte	93
  37 000d 08       		.byte	8
  38 000e 01       		.byte	1
  39 000f 40       		.byte	64
  40 0010 36       		.byte	54
  41 0011 09       		.byte	9
  42 0012 01       		.byte	1
  43 0013 40       		.byte	64
  44 0014 02       		.byte	2
  45 0015 0B       		.byte	11
  46 0016 01       		.byte	1
  47 0017 40       		.byte	64
  48 0018 45       		.byte	69
  49 0019 0C       		.byte	12
  50 001a 01       		.byte	1
  51 001b 40       		.byte	64
  52 001c 21       		.byte	33
  53 001d 0D       		.byte	13
  54 001e 01       		.byte	1
  55 001f 40       		.byte	64
  56 0020 01       		.byte	1
  57 0021 17       		.byte	23
ARM GAS  C:\Users\andre\AppData\Local\Temp\ccNKpkpz.s 			page 2


  58 0022 01       		.byte	1
  59 0023 40       		.byte	64
  60 0024 48       		.byte	72
  61 0025 18       		.byte	24
  62 0026 01       		.byte	1
  63 0027 40       		.byte	64
  64 0028 38       		.byte	56
  65 0029 19       		.byte	25
  66 002a 01       		.byte	1
  67 002b 40       		.byte	64
  68 002c 38       		.byte	56
  69 002d 1A       		.byte	26
  70 002e 01       		.byte	1
  71 002f 40       		.byte	64
  72 0030 3D       		.byte	61
  73 0031 1B       		.byte	27
  74 0032 01       		.byte	1
  75 0033 40       		.byte	64
  76 0034 02       		.byte	2
  77 0035 40       		.byte	64
  78 0036 01       		.byte	1
  79 0037 40       		.byte	64
  80 0038 01       		.byte	1
  81 0039 41       		.byte	65
  82 003a 01       		.byte	1
  83 003b 40       		.byte	64
  84 003c 01       		.byte	1
  85 003d 42       		.byte	66
  86 003e 01       		.byte	1
  87 003f 40       		.byte	64
  88 0040 01       		.byte	1
  89 0041 43       		.byte	67
  90 0042 01       		.byte	1
  91 0043 40       		.byte	64
  92 0044 02       		.byte	2
  93 0045 45       		.byte	69
  94 0046 01       		.byte	1
  95 0047 40       		.byte	64
  96 0048 01       		.byte	1
  97 0049 46       		.byte	70
  98 004a 01       		.byte	1
  99 004b 40       		.byte	64
 100 004c 03       		.byte	3
 101 004d 48       		.byte	72
 102 004e 01       		.byte	1
 103 004f 40       		.byte	64
 104 0050 07       		.byte	7
 105 0051 4D       		.byte	77
 106 0052 01       		.byte	1
 107 0053 40       		.byte	64
 108 0054 05       		.byte	5
 109 0055 50       		.byte	80
 110 0056 01       		.byte	1
 111 0057 40       		.byte	64
 112 0058 01       		.byte	1
 113 0059 51       		.byte	81
 114 005a 01       		.byte	1
ARM GAS  C:\Users\andre\AppData\Local\Temp\ccNKpkpz.s 			page 3


 115 005b 40       		.byte	64
 116 005c 10       		.byte	16
 117 005d 01       		.byte	1
 118 005e 11       		.byte	17
 119 005f 01       		.byte	1
 120 0060 89       		.byte	-119
 121 0061 0F       		.byte	15
 122 0062 8D       		.byte	-115
 123 0063 0D       		.byte	13
 124 0064 88       		.byte	-120
 125 0065 38       		.byte	56
 126 0066 8B       		.byte	-117
 127 0067 72       		.byte	114
 128 0068 00       		.byte	0
 129 0069 08       		.byte	8
 130 006a 03       		.byte	3
 131 006b 13       		.byte	19
 132 006c 07       		.byte	7
 133 006d 0C       		.byte	12
 134 006e 0E       		.byte	14
 135 006f 05       		.byte	5
 136 0070 12       		.byte	18
 137 0071 03       		.byte	3
 138 0072 15       		.byte	21
 139 0073 2C       		.byte	44
 140 0074 17       		.byte	23
 141 0075 03       		.byte	3
 142 0076 1F       		.byte	31
 143 0077 08       		.byte	8
 144 0078 21       		.byte	33
 145 0079 31       		.byte	49
 146 007a 22       		.byte	34
 147 007b 01       		.byte	1
 148 007c 23       		.byte	35
 149 007d 0E       		.byte	14
 150 007e 24       		.byte	36
 151 007f 06       		.byte	6
 152 0080 26       		.byte	38
 153 0081 01       		.byte	1
 154 0082 2A       		.byte	42
 155 0083 06       		.byte	6
 156 0084 2D       		.byte	45
 157 0085 31       		.byte	49
 158 0086 2E       		.byte	46
 159 0087 02       		.byte	2
 160 0088 2F       		.byte	47
 161 0089 06       		.byte	6
 162 008a 33       		.byte	51
 163 008b 30       		.byte	48
 164 008c 34       		.byte	52
 165 008d 08       		.byte	8
 166 008e 35       		.byte	53
 167 008f 0F       		.byte	15
 168 0090 36       		.byte	54
 169 0091 07       		.byte	7
 170 0092 39       		.byte	57
 171 0093 08       		.byte	8
ARM GAS  C:\Users\andre\AppData\Local\Temp\ccNKpkpz.s 			page 4


 172 0094 3A       		.byte	58
 173 0095 80       		.byte	-128
 174 0096 3B       		.byte	59
 175 0097 20       		.byte	32
 176 0098 3E       		.byte	62
 177 0099 10       		.byte	16
 178 009a 3F       		.byte	63
 179 009b 04       		.byte	4
 180 009c 40       		.byte	64
 181 009d 02       		.byte	2
 182 009e 47       		.byte	71
 183 009f 40       		.byte	64
 184 00a0 49       		.byte	73
 185 00a1 FF       		.byte	-1
 186 00a2 4A       		.byte	74
 187 00a3 07       		.byte	7
 188 00a4 4B       		.byte	75
 189 00a5 FF       		.byte	-1
 190 00a6 4C       		.byte	76
 191 00a7 40       		.byte	64
 192 00a8 4D       		.byte	77
 193 00a9 20       		.byte	32
 194 00aa 4E       		.byte	78
 195 00ab F0       		.byte	-16
 196 00ac 4F       		.byte	79
 197 00ad 05       		.byte	5
 198 00ae 50       		.byte	80
 199 00af 08       		.byte	8
 200 00b0 58       		.byte	88
 201 00b1 04       		.byte	4
 202 00b2 59       		.byte	89
 203 00b3 04       		.byte	4
 204 00b4 5A       		.byte	90
 205 00b5 04       		.byte	4
 206 00b6 5F       		.byte	95
 207 00b7 01       		.byte	1
 208 00b8 60       		.byte	96
 209 00b9 40       		.byte	64
 210 00ba 61       		.byte	97
 211 00bb A8       		.byte	-88
 212 00bc 62       		.byte	98
 213 00bd 40       		.byte	64
 214 00be 63       		.byte	99
 215 00bf 20       		.byte	32
 216 00c0 81       		.byte	-127
 217 00c1 10       		.byte	16
 218 00c2 85       		.byte	-123
 219 00c3 1C       		.byte	28
 220 00c4 87       		.byte	-121
 221 00c5 22       		.byte	34
 222 00c6 8C       		.byte	-116
 223 00c7 13       		.byte	19
 224 00c8 8D       		.byte	-115
 225 00c9 2C       		.byte	44
 226 00ca 8E       		.byte	-114
 227 00cb 0C       		.byte	12
 228 00cc 8F       		.byte	-113
ARM GAS  C:\Users\andre\AppData\Local\Temp\ccNKpkpz.s 			page 5


 229 00cd 11       		.byte	17
 230 00ce 90       		.byte	-112
 231 00cf 13       		.byte	19
 232 00d0 92       		.byte	-110
 233 00d1 04       		.byte	4
 234 00d2 97       		.byte	-105
 235 00d3 03       		.byte	3
 236 00d4 99       		.byte	-103
 237 00d5 14       		.byte	20
 238 00d6 9A       		.byte	-102
 239 00d7 08       		.byte	8
 240 00d8 9D       		.byte	-99
 241 00d9 40       		.byte	64
 242 00da A1       		.byte	-95
 243 00db 30       		.byte	48
 244 00dc A2       		.byte	-94
 245 00dd 15       		.byte	21
 246 00de A3       		.byte	-93
 247 00df 0C       		.byte	12
 248 00e0 A4       		.byte	-92
 249 00e1 0A       		.byte	10
 250 00e2 A6       		.byte	-90
 251 00e3 14       		.byte	20
 252 00e4 A8       		.byte	-88
 253 00e5 03       		.byte	3
 254 00e6 A9       		.byte	-87
 255 00e7 09       		.byte	9
 256 00e8 AA       		.byte	-86
 257 00e9 14       		.byte	20
 258 00ea AB       		.byte	-85
 259 00eb 10       		.byte	16
 260 00ec B0       		.byte	-80
 261 00ed 0F       		.byte	15
 262 00ee B3       		.byte	-77
 263 00ef 1F       		.byte	31
 264 00f0 B5       		.byte	-75
 265 00f1 60       		.byte	96
 266 00f2 B6       		.byte	-74
 267 00f3 10       		.byte	16
 268 00f4 B9       		.byte	-71
 269 00f5 20       		.byte	32
 270 00f6 BA       		.byte	-70
 271 00f7 02       		.byte	2
 272 00f8 BE       		.byte	-66
 273 00f9 40       		.byte	64
 274 00fa C0       		.byte	-64
 275 00fb 56       		.byte	86
 276 00fc C1       		.byte	-63
 277 00fd 01       		.byte	1
 278 00fe C5       		.byte	-59
 279 00ff EB       		.byte	-21
 280 0100 C7       		.byte	-57
 281 0101 0C       		.byte	12
 282 0102 C8       		.byte	-56
 283 0103 13       		.byte	19
 284 0104 C9       		.byte	-55
 285 0105 FF       		.byte	-1
ARM GAS  C:\Users\andre\AppData\Local\Temp\ccNKpkpz.s 			page 6


 286 0106 CA       		.byte	-54
 287 0107 FF       		.byte	-1
 288 0108 CB       		.byte	-53
 289 0109 FF       		.byte	-1
 290 010a CE       		.byte	-50
 291 010b F0       		.byte	-16
 292 010c CF       		.byte	-49
 293 010d 44       		.byte	68
 294 010e D0       		.byte	-48
 295 010f 0C       		.byte	12
 296 0110 D4       		.byte	-44
 297 0111 01       		.byte	1
 298 0112 D8       		.byte	-40
 299 0113 04       		.byte	4
 300 0114 D9       		.byte	-39
 301 0115 04       		.byte	4
 302 0116 DA       		.byte	-38
 303 0117 04       		.byte	4
 304 0118 DB       		.byte	-37
 305 0119 04       		.byte	4
 306 011a DF       		.byte	-33
 307 011b 01       		.byte	1
 308 011c E6       		.byte	-26
 309 011d C0       		.byte	-64
 310 011e EA       		.byte	-22
 311 011f 40       		.byte	64
 312 0120 EB       		.byte	-21
 313 0121 02       		.byte	2
 314 0122 03       		.byte	3
 315 0123 02       		.byte	2
 316 0124 05       		.byte	5
 317 0125 81       		.byte	-127
 318 0126 09       		.byte	9
 319 0127 20       		.byte	32
 320 0128 0A       		.byte	10
 321 0129 40       		.byte	64
 322 012a 0B       		.byte	11
 323 012b 80       		.byte	-128
 324 012c 0E       		.byte	14
 325 012d 40       		.byte	64
 326 012e 10       		.byte	16
 327 012f 88       		.byte	-120
 328 0130 13       		.byte	19
 329 0131 28       		.byte	40
 330 0132 14       		.byte	20
 331 0133 08       		.byte	8
 332 0134 15       		.byte	21
 333 0135 21       		.byte	33
 334 0136 16       		.byte	22
 335 0137 01       		.byte	1
 336 0138 17       		.byte	23
 337 0139 48       		.byte	72
 338 013a 19       		.byte	25
 339 013b 42       		.byte	66
 340 013c 1B       		.byte	27
 341 013d 02       		.byte	2
 342 013e 1E       		.byte	30
ARM GAS  C:\Users\andre\AppData\Local\Temp\ccNKpkpz.s 			page 7


 343 013f 05       		.byte	5
 344 0140 1F       		.byte	31
 345 0141 40       		.byte	64
 346 0142 20       		.byte	32
 347 0143 10       		.byte	16
 348 0144 21       		.byte	33
 349 0145 38       		.byte	56
 350 0146 23       		.byte	35
 351 0147 04       		.byte	4
 352 0148 24       		.byte	36
 353 0149 04       		.byte	4
 354 014a 27       		.byte	39
 355 014b 18       		.byte	24
 356 014c 28       		.byte	40
 357 014d 08       		.byte	8
 358 014e 29       		.byte	41
 359 014f 02       		.byte	2
 360 0150 2D       		.byte	45
 361 0151 80       		.byte	-128
 362 0152 2F       		.byte	47
 363 0153 42       		.byte	66
 364 0154 30       		.byte	48
 365 0155 A0       		.byte	-96
 366 0156 31       		.byte	49
 367 0157 08       		.byte	8
 368 0158 37       		.byte	55
 369 0159 48       		.byte	72
 370 015a 38       		.byte	56
 371 015b 04       		.byte	4
 372 015c 3A       		.byte	58
 373 015d 01       		.byte	1
 374 015e 3B       		.byte	59
 375 015f 80       		.byte	-128
 376 0160 3F       		.byte	63
 377 0161 06       		.byte	6
 378 0162 42       		.byte	66
 379 0163 01       		.byte	1
 380 0164 47       		.byte	71
 381 0165 10       		.byte	16
 382 0166 48       		.byte	72
 383 0167 20       		.byte	32
 384 0168 49       		.byte	73
 385 0169 81       		.byte	-127
 386 016a 4A       		.byte	74
 387 016b 08       		.byte	8
 388 016c 4C       		.byte	76
 389 016d 80       		.byte	-128
 390 016e 4D       		.byte	77
 391 016f 01       		.byte	1
 392 0170 4F       		.byte	79
 393 0171 02       		.byte	2
 394 0172 50       		.byte	80
 395 0173 08       		.byte	8
 396 0174 56       		.byte	86
 397 0175 01       		.byte	1
 398 0176 59       		.byte	89
 399 0177 41       		.byte	65
ARM GAS  C:\Users\andre\AppData\Local\Temp\ccNKpkpz.s 			page 8


 400 0178 5A       		.byte	90
 401 0179 04       		.byte	4
 402 017a 5B       		.byte	91
 403 017b 20       		.byte	32
 404 017c C0       		.byte	-64
 405 017d 91       		.byte	-111
 406 017e C2       		.byte	-62
 407 017f 1A       		.byte	26
 408 0180 C4       		.byte	-60
 409 0181 FE       		.byte	-2
 410 0182 CA       		.byte	-54
 411 0183 95       		.byte	-107
 412 0184 CC       		.byte	-52
 413 0185 5E       		.byte	94
 414 0186 CE       		.byte	-50
 415 0187 CB       		.byte	-53
 416 0188 D0       		.byte	-48
 417 0189 28       		.byte	40
 418 018a D2       		.byte	-46
 419 018b 0C       		.byte	12
 420 018c D6       		.byte	-42
 421 018d 0F       		.byte	15
 422 018e AB       		.byte	-85
 423 018f 04       		.byte	4
 424 0190 EC       		.byte	-20
 425 0191 04       		.byte	4
 426 0192 0B       		.byte	11
 427 0193 01       		.byte	1
 428 0194 17       		.byte	23
 429 0195 01       		.byte	1
 430 0196 35       		.byte	53
 431 0197 01       		.byte	1
 432 0198 3F       		.byte	63
 433 0199 10       		.byte	16
 434 019a 40       		.byte	64
 435 019b 60       		.byte	96
 436 019c 41       		.byte	65
 437 019d 03       		.byte	3
 438 019e 49       		.byte	73
 439 019f FF       		.byte	-1
 440 01a0 4A       		.byte	74
 441 01a1 FF       		.byte	-1
 442 01a2 4B       		.byte	75
 443 01a3 FF       		.byte	-1
 444 01a4 4D       		.byte	77
 445 01a5 A0       		.byte	-96
 446 01a6 4F       		.byte	79
 447 01a7 04       		.byte	4
 448 01a8 50       		.byte	80
 449 01a9 18       		.byte	24
 450 01aa 59       		.byte	89
 451 01ab 04       		.byte	4
 452 01ac 5A       		.byte	90
 453 01ad 04       		.byte	4
 454 01ae 5D       		.byte	93
 455 01af 01       		.byte	1
 456 01b0 5F       		.byte	95
ARM GAS  C:\Users\andre\AppData\Local\Temp\ccNKpkpz.s 			page 9


 457 01b1 01       		.byte	1
 458 01b2 60       		.byte	96
 459 01b3 40       		.byte	64
 460 01b4 62       		.byte	98
 461 01b5 C0       		.byte	-64
 462 01b6 64       		.byte	100
 463 01b7 40       		.byte	64
 464 01b8 65       		.byte	101
 465 01b9 40       		.byte	64
 466 01ba 66       		.byte	102
 467 01bb C0       		.byte	-64
 468 01bc 68       		.byte	104
 469 01bd C0       		.byte	-64
 470 01be 6A       		.byte	106
 471 01bf C0       		.byte	-64
 472 01c0 6C       		.byte	108
 473 01c1 C0       		.byte	-64
 474 01c2 6E       		.byte	110
 475 01c3 C0       		.byte	-64
 476 01c4 86       		.byte	-122
 477 01c5 06       		.byte	6
 478 01c6 92       		.byte	-110
 479 01c7 01       		.byte	1
 480 01c8 9B       		.byte	-101
 481 01c9 02       		.byte	2
 482 01ca 9F       		.byte	-97
 483 01cb 01       		.byte	1
 484 01cc A0       		.byte	-96
 485 01cd 08       		.byte	8
 486 01ce A2       		.byte	-94
 487 01cf 02       		.byte	2
 488 01d0 A4       		.byte	-92
 489 01d1 08       		.byte	8
 490 01d2 A6       		.byte	-90
 491 01d3 04       		.byte	4
 492 01d4 AD       		.byte	-83
 493 01d5 03       		.byte	3
 494 01d6 B0       		.byte	-80
 495 01d7 08       		.byte	8
 496 01d8 B2       		.byte	-78
 497 01d9 06       		.byte	6
 498 01da B4       		.byte	-76
 499 01db 01       		.byte	1
 500 01dc B7       		.byte	-73
 501 01dd 03       		.byte	3
 502 01de B8       		.byte	-72
 503 01df 02       		.byte	2
 504 01e0 C0       		.byte	-64
 505 01e1 20       		.byte	32
 506 01e2 C1       		.byte	-63
 507 01e3 03       		.byte	3
 508 01e4 C5       		.byte	-59
 509 01e5 D1       		.byte	-47
 510 01e6 C7       		.byte	-57
 511 01e7 02       		.byte	2
 512 01e8 C8       		.byte	-56
 513 01e9 17       		.byte	23
ARM GAS  C:\Users\andre\AppData\Local\Temp\ccNKpkpz.s 			page 10


 514 01ea C9       		.byte	-55
 515 01eb FF       		.byte	-1
 516 01ec CA       		.byte	-54
 517 01ed FF       		.byte	-1
 518 01ee CB       		.byte	-53
 519 01ef FF       		.byte	-1
 520 01f0 CD       		.byte	-51
 521 01f1 AF       		.byte	-81
 522 01f2 CE       		.byte	-50
 523 01f3 0F       		.byte	15
 524 01f4 CF       		.byte	-49
 525 01f5 04       		.byte	4
 526 01f6 D0       		.byte	-48
 527 01f7 18       		.byte	24
 528 01f8 D2       		.byte	-46
 529 01f9 80       		.byte	-128
 530 01fa D4       		.byte	-44
 531 01fb 05       		.byte	5
 532 01fc D8       		.byte	-40
 533 01fd 04       		.byte	4
 534 01fe D9       		.byte	-39
 535 01ff 04       		.byte	4
 536 0200 DA       		.byte	-38
 537 0201 04       		.byte	4
 538 0202 DB       		.byte	-37
 539 0203 04       		.byte	4
 540 0204 DC       		.byte	-36
 541 0205 11       		.byte	17
 542 0206 DD       		.byte	-35
 543 0207 11       		.byte	17
 544 0208 DF       		.byte	-33
 545 0209 01       		.byte	1
 546 020a E0       		.byte	-32
 547 020b 40       		.byte	64
 548 020c E2       		.byte	-30
 549 020d C0       		.byte	-64
 550 020e E4       		.byte	-28
 551 020f 40       		.byte	64
 552 0210 E5       		.byte	-27
 553 0211 40       		.byte	64
 554 0212 E6       		.byte	-26
 555 0213 C0       		.byte	-64
 556 0214 E8       		.byte	-24
 557 0215 C0       		.byte	-64
 558 0216 EA       		.byte	-22
 559 0217 C0       		.byte	-64
 560 0218 EC       		.byte	-20
 561 0219 C0       		.byte	-64
 562 021a EE       		.byte	-18
 563 021b C0       		.byte	-64
 564 021c 00       		.byte	0
 565 021d 04       		.byte	4
 566 021e 09       		.byte	9
 567 021f 02       		.byte	2
 568 0220 10       		.byte	16
 569 0221 A0       		.byte	-96
 570 0222 18       		.byte	24
ARM GAS  C:\Users\andre\AppData\Local\Temp\ccNKpkpz.s 			page 11


 571 0223 04       		.byte	4
 572 0224 1B       		.byte	27
 573 0225 15       		.byte	21
 574 0226 22       		.byte	34
 575 0227 40       		.byte	64
 576 0228 27       		.byte	39
 577 0229 04       		.byte	4
 578 022a 2B       		.byte	43
 579 022b 01       		.byte	1
 580 022c 30       		.byte	48
 581 022d A0       		.byte	-96
 582 022e 36       		.byte	54
 583 022f 08       		.byte	8
 584 0230 3F       		.byte	63
 585 0231 20       		.byte	32
 586 0232 40       		.byte	64
 587 0233 04       		.byte	4
 588 0234 41       		.byte	65
 589 0235 08       		.byte	8
 590 0236 45       		.byte	69
 591 0237 08       		.byte	8
 592 0238 48       		.byte	72
 593 0239 20       		.byte	32
 594 023a 49       		.byte	73
 595 023b 01       		.byte	1
 596 023c 4F       		.byte	79
 597 023d 20       		.byte	32
 598 023e 50       		.byte	80
 599 023f 80       		.byte	-128
 600 0240 51       		.byte	81
 601 0241 08       		.byte	8
 602 0242 52       		.byte	82
 603 0243 08       		.byte	8
 604 0244 59       		.byte	89
 605 0245 01       		.byte	1
 606 0246 5A       		.byte	90
 607 0247 80       		.byte	-128
 608 0248 5B       		.byte	91
 609 0249 04       		.byte	4
 610 024a 71       		.byte	113
 611 024b 02       		.byte	2
 612 024c C0       		.byte	-64
 613 024d 04       		.byte	4
 614 024e C2       		.byte	-62
 615 024f 08       		.byte	8
 616 0250 C4       		.byte	-60
 617 0251 0C       		.byte	12
 618 0252 CA       		.byte	-54
 619 0253 08       		.byte	8
 620 0254 CC       		.byte	-52
 621 0255 4C       		.byte	76
 622 0256 CE       		.byte	-50
 623 0257 20       		.byte	32
 624 0258 D0       		.byte	-48
 625 0259 46       		.byte	70
 626 025a D2       		.byte	-46
 627 025b 20       		.byte	32
ARM GAS  C:\Users\andre\AppData\Local\Temp\ccNKpkpz.s 			page 12


 628 025c D6       		.byte	-42
 629 025d 0B       		.byte	11
 630 025e E6       		.byte	-26
 631 025f 08       		.byte	8
 632 0260 00       		.byte	0
 633 0261 03       		.byte	3
 634 0262 03       		.byte	3
 635 0263 01       		.byte	1
 636 0264 04       		.byte	4
 637 0265 21       		.byte	33
 638 0266 05       		.byte	5
 639 0267 07       		.byte	7
 640 0268 06       		.byte	6
 641 0269 54       		.byte	84
 642 026a 08       		.byte	8
 643 026b 60       		.byte	96
 644 026c 09       		.byte	9
 645 026d 07       		.byte	7
 646 026e 0F       		.byte	15
 647 026f 08       		.byte	8
 648 0270 10       		.byte	16
 649 0271 42       		.byte	66
 650 0272 11       		.byte	17
 651 0273 01       		.byte	1
 652 0274 12       		.byte	18
 653 0275 30       		.byte	48
 654 0276 13       		.byte	19
 655 0277 06       		.byte	6
 656 0278 15       		.byte	21
 657 0279 06       		.byte	6
 658 027a 16       		.byte	22
 659 027b 03       		.byte	3
 660 027c 18       		.byte	24
 661 027d 03       		.byte	3
 662 027e 1B       		.byte	27
 663 027f 08       		.byte	8
 664 0280 1E       		.byte	30
 665 0281 03       		.byte	3
 666 0282 20       		.byte	32
 667 0283 03       		.byte	3
 668 0284 22       		.byte	34
 669 0285 08       		.byte	8
 670 0286 24       		.byte	36
 671 0287 60       		.byte	96
 672 0288 25       		.byte	37
 673 0289 02       		.byte	2
 674 028a 29       		.byte	41
 675 028b 06       		.byte	6
 676 028c 2A       		.byte	42
 677 028d 03       		.byte	3
 678 028e 2B       		.byte	43
 679 028f 01       		.byte	1
 680 0290 2D       		.byte	45
 681 0291 04       		.byte	4
 682 0292 30       		.byte	48
 683 0293 60       		.byte	96
 684 0294 31       		.byte	49
ARM GAS  C:\Users\andre\AppData\Local\Temp\ccNKpkpz.s 			page 13


 685 0295 07       		.byte	7
 686 0296 32       		.byte	50
 687 0297 04       		.byte	4
 688 0298 33       		.byte	51
 689 0299 08       		.byte	8
 690 029a 34       		.byte	52
 691 029b 03       		.byte	3
 692 029c 36       		.byte	54
 693 029d 18       		.byte	24
 694 029e 3E       		.byte	62
 695 029f 40       		.byte	64
 696 02a0 3F       		.byte	63
 697 02a1 04       		.byte	4
 698 02a2 40       		.byte	64
 699 02a3 46       		.byte	70
 700 02a4 41       		.byte	65
 701 02a5 02       		.byte	2
 702 02a6 42       		.byte	66
 703 02a7 05       		.byte	5
 704 02a8 44       		.byte	68
 705 02a9 01       		.byte	1
 706 02aa 46       		.byte	70
 707 02ab CE       		.byte	-50
 708 02ac 48       		.byte	72
 709 02ad 0C       		.byte	12
 710 02ae 49       		.byte	73
 711 02af FF       		.byte	-1
 712 02b0 4A       		.byte	74
 713 02b1 FF       		.byte	-1
 714 02b2 4B       		.byte	75
 715 02b3 FF       		.byte	-1
 716 02b4 4C       		.byte	76
 717 02b5 62       		.byte	98
 718 02b6 4D       		.byte	77
 719 02b7 A0       		.byte	-96
 720 02b8 4E       		.byte	78
 721 02b9 F0       		.byte	-16
 722 02ba 4F       		.byte	79
 723 02bb 41       		.byte	65
 724 02bc 50       		.byte	80
 725 02bd 0C       		.byte	12
 726 02be 54       		.byte	84
 727 02bf 18       		.byte	24
 728 02c0 56       		.byte	86
 729 02c1 04       		.byte	4
 730 02c2 58       		.byte	88
 731 02c3 04       		.byte	4
 732 02c4 59       		.byte	89
 733 02c5 04       		.byte	4
 734 02c6 5A       		.byte	90
 735 02c7 04       		.byte	4
 736 02c8 5B       		.byte	91
 737 02c9 04       		.byte	4
 738 02ca 5F       		.byte	95
 739 02cb 01       		.byte	1
 740 02cc 66       		.byte	102
 741 02cd 40       		.byte	64
ARM GAS  C:\Users\andre\AppData\Local\Temp\ccNKpkpz.s 			page 14


 742 02ce 67       		.byte	103
 743 02cf 02       		.byte	2
 744 02d0 69       		.byte	105
 745 02d1 10       		.byte	16
 746 02d2 6A       		.byte	106
 747 02d3 30       		.byte	48
 748 02d4 6B       		.byte	107
 749 02d5 10       		.byte	16
 750 02d6 6D       		.byte	109
 751 02d7 10       		.byte	16
 752 02d8 6E       		.byte	110
 753 02d9 10       		.byte	16
 754 02da 6F       		.byte	111
 755 02db 12       		.byte	18
 756 02dc 8B       		.byte	-117
 757 02dd 02       		.byte	2
 758 02de 91       		.byte	-111
 759 02df 01       		.byte	1
 760 02e0 95       		.byte	-107
 761 02e1 01       		.byte	1
 762 02e2 9F       		.byte	-97
 763 02e3 02       		.byte	2
 764 02e4 A5       		.byte	-91
 765 02e5 01       		.byte	1
 766 02e6 B1       		.byte	-79
 767 02e7 02       		.byte	2
 768 02e8 B3       		.byte	-77
 769 02e9 01       		.byte	1
 770 02ea BF       		.byte	-65
 771 02eb 01       		.byte	1
 772 02ec D9       		.byte	-39
 773 02ed 04       		.byte	4
 774 02ee DF       		.byte	-33
 775 02ef 01       		.byte	1
 776 02f0 05       		.byte	5
 777 02f1 08       		.byte	8
 778 02f2 06       		.byte	6
 779 02f3 80       		.byte	-128
 780 02f4 07       		.byte	7
 781 02f5 04       		.byte	4
 782 02f6 0C       		.byte	12
 783 02f7 01       		.byte	1
 784 02f8 0D       		.byte	13
 785 02f9 20       		.byte	32
 786 02fa 0E       		.byte	14
 787 02fb 40       		.byte	64
 788 02fc 0F       		.byte	15
 789 02fd 12       		.byte	18
 790 02fe 14       		.byte	20
 791 02ff 14       		.byte	20
 792 0300 15       		.byte	21
 793 0301 02       		.byte	2
 794 0302 17       		.byte	23
 795 0303 10       		.byte	16
 796 0304 1D       		.byte	29
 797 0305 90       		.byte	-112
 798 0306 1E       		.byte	30
ARM GAS  C:\Users\andre\AppData\Local\Temp\ccNKpkpz.s 			page 15


 799 0307 50       		.byte	80
 800 0308 22       		.byte	34
 801 0309 04       		.byte	4
 802 030a 23       		.byte	35
 803 030b 40       		.byte	64
 804 030c 25       		.byte	37
 805 030d 04       		.byte	4
 806 030e 26       		.byte	38
 807 030f 02       		.byte	2
 808 0310 27       		.byte	39
 809 0311 40       		.byte	64
 810 0312 28       		.byte	40
 811 0313 10       		.byte	16
 812 0314 2B       		.byte	43
 813 0315 20       		.byte	32
 814 0316 2C       		.byte	44
 815 0317 04       		.byte	4
 816 0318 2D       		.byte	45
 817 0319 80       		.byte	-128
 818 031a 2E       		.byte	46
 819 031b 08       		.byte	8
 820 031c 30       		.byte	48
 821 031d 02       		.byte	2
 822 031e 33       		.byte	51
 823 031f 44       		.byte	68
 824 0320 35       		.byte	53
 825 0321 04       		.byte	4
 826 0322 36       		.byte	54
 827 0323 20       		.byte	32
 828 0324 37       		.byte	55
 829 0325 01       		.byte	1
 830 0326 3A       		.byte	58
 831 0327 50       		.byte	80
 832 0328 3B       		.byte	59
 833 0329 40       		.byte	64
 834 032a 3E       		.byte	62
 835 032b 04       		.byte	4
 836 032c 3F       		.byte	63
 837 032d 92       		.byte	-110
 838 032e 45       		.byte	69
 839 032f A4       		.byte	-92
 840 0330 46       		.byte	70
 841 0331 A0       		.byte	-96
 842 0332 47       		.byte	71
 843 0333 01       		.byte	1
 844 0334 4E       		.byte	78
 845 0335 06       		.byte	6
 846 0336 56       		.byte	86
 847 0337 10       		.byte	16
 848 0338 57       		.byte	87
 849 0339 40       		.byte	64
 850 033a 5D       		.byte	93
 851 033b 02       		.byte	2
 852 033c 66       		.byte	102
 853 033d 62       		.byte	98
 854 033e 86       		.byte	-122
 855 033f 02       		.byte	2
ARM GAS  C:\Users\andre\AppData\Local\Temp\ccNKpkpz.s 			page 16


 856 0340 8A       		.byte	-118
 857 0341 84       		.byte	-124
 858 0342 8B       		.byte	-117
 859 0343 01       		.byte	1
 860 0344 8D       		.byte	-115
 861 0345 12       		.byte	18
 862 0346 90       		.byte	-112
 863 0347 10       		.byte	16
 864 0348 B0       		.byte	-80
 865 0349 80       		.byte	-128
 866 034a B2       		.byte	-78
 867 034b 08       		.byte	8
 868 034c C0       		.byte	-64
 869 034d 70       		.byte	112
 870 034e C2       		.byte	-62
 871 034f F0       		.byte	-16
 872 0350 C4       		.byte	-60
 873 0351 70       		.byte	112
 874 0352 CA       		.byte	-54
 875 0353 72       		.byte	114
 876 0354 CC       		.byte	-52
 877 0355 EB       		.byte	-21
 878 0356 CE       		.byte	-50
 879 0357 F4       		.byte	-12
 880 0358 D0       		.byte	-48
 881 0359 B0       		.byte	-80
 882 035a D2       		.byte	-46
 883 035b 30       		.byte	48
 884 035c D6       		.byte	-42
 885 035d 80       		.byte	-128
 886 035e D8       		.byte	-40
 887 035f B0       		.byte	-80
 888 0360 09       		.byte	9
 889 0361 08       		.byte	8
 890 0362 11       		.byte	17
 891 0363 01       		.byte	1
 892 0364 13       		.byte	19
 893 0365 06       		.byte	6
 894 0366 15       		.byte	21
 895 0367 07       		.byte	7
 896 0368 19       		.byte	25
 897 0369 07       		.byte	7
 898 036a 25       		.byte	37
 899 036b 02       		.byte	2
 900 036c 27       		.byte	39
 901 036d 01       		.byte	1
 902 036e 2D       		.byte	45
 903 036f 04       		.byte	4
 904 0370 2F       		.byte	47
 905 0371 01       		.byte	1
 906 0372 31       		.byte	49
 907 0373 07       		.byte	7
 908 0374 33       		.byte	51
 909 0375 08       		.byte	8
 910 0376 3F       		.byte	63
 911 0377 04       		.byte	4
 912 0378 59       		.byte	89
ARM GAS  C:\Users\andre\AppData\Local\Temp\ccNKpkpz.s 			page 17


 913 0379 04       		.byte	4
 914 037a 5F       		.byte	95
 915 037b 01       		.byte	1
 916 037c 80       		.byte	-128
 917 037d 33       		.byte	51
 918 037e 82       		.byte	-126
 919 037f 0C       		.byte	12
 920 0380 84       		.byte	-124
 921 0381 01       		.byte	1
 922 0382 85       		.byte	-123
 923 0383 08       		.byte	8
 924 0384 8B       		.byte	-117
 925 0385 04       		.byte	4
 926 0386 8C       		.byte	-116
 927 0387 08       		.byte	8
 928 0388 8D       		.byte	-115
 929 0389 27       		.byte	39
 930 038a 8F       		.byte	-113
 931 038b 18       		.byte	24
 932 038c 90       		.byte	-112
 933 038d 1F       		.byte	31
 934 038e 91       		.byte	-111
 935 038f 1C       		.byte	28
 936 0390 92       		.byte	-110
 937 0391 20       		.byte	32
 938 0392 93       		.byte	-109
 939 0393 22       		.byte	34
 940 0394 94       		.byte	-108
 941 0395 1C       		.byte	28
 942 0396 95       		.byte	-107
 943 0397 3F       		.byte	63
 944 0398 96       		.byte	-106
 945 0399 23       		.byte	35
 946 039a 98       		.byte	-104
 947 039b 3F       		.byte	63
 948 039c 99       		.byte	-103
 949 039d 18       		.byte	24
 950 039e 9E       		.byte	-98
 951 039f 23       		.byte	35
 952 03a0 9F       		.byte	-97
 953 03a1 03       		.byte	3
 954 03a2 A0       		.byte	-96
 955 03a3 03       		.byte	3
 956 03a4 A4       		.byte	-92
 957 03a5 04       		.byte	4
 958 03a6 A5       		.byte	-91
 959 03a7 04       		.byte	4
 960 03a8 A8       		.byte	-88
 961 03a9 0C       		.byte	12
 962 03aa A9       		.byte	-87
 963 03ab 1C       		.byte	28
 964 03ac AB       		.byte	-85
 965 03ad 21       		.byte	33
 966 03ae AC       		.byte	-84
 967 03af 02       		.byte	2
 968 03b0 AD       		.byte	-83
 969 03b1 10       		.byte	16
ARM GAS  C:\Users\andre\AppData\Local\Temp\ccNKpkpz.s 			page 18


 970 03b2 B0       		.byte	-80
 971 03b3 2C       		.byte	44
 972 03b4 B2       		.byte	-78
 973 03b5 10       		.byte	16
 974 03b6 B3       		.byte	-77
 975 03b7 1F       		.byte	31
 976 03b8 B5       		.byte	-75
 977 03b9 20       		.byte	32
 978 03ba B6       		.byte	-74
 979 03bb 0F       		.byte	15
 980 03bc B9       		.byte	-71
 981 03bd 20       		.byte	32
 982 03be BA       		.byte	-70
 983 03bf A2       		.byte	-94
 984 03c0 BB       		.byte	-69
 985 03c1 08       		.byte	8
 986 03c2 BE       		.byte	-66
 987 03c3 04       		.byte	4
 988 03c4 D6       		.byte	-42
 989 03c5 02       		.byte	2
 990 03c6 D7       		.byte	-41
 991 03c7 11       		.byte	17
 992 03c8 D8       		.byte	-40
 993 03c9 04       		.byte	4
 994 03ca D9       		.byte	-39
 995 03cb 04       		.byte	4
 996 03cc DB       		.byte	-37
 997 03cd 04       		.byte	4
 998 03ce DF       		.byte	-33
 999 03cf 01       		.byte	1
 1000 03d0 04       		.byte	4
 1001 03d1 01       		.byte	1
 1002 03d2 05       		.byte	5
 1003 03d3 88       		.byte	-120
 1004 03d4 06       		.byte	6
 1005 03d5 80       		.byte	-128
 1006 03d6 0C       		.byte	12
 1007 03d7 40       		.byte	64
 1008 03d8 0D       		.byte	13
 1009 03d9 08       		.byte	8
 1010 03da 0E       		.byte	14
 1011 03db 44       		.byte	68
 1012 03dc 0F       		.byte	15
 1013 03dd 10       		.byte	16
 1014 03de 14       		.byte	20
 1015 03df 01       		.byte	1
 1016 03e0 15       		.byte	21
 1017 03e1 02       		.byte	2
 1018 03e2 17       		.byte	23
 1019 03e3 28       		.byte	40
 1020 03e4 1C       		.byte	28
 1021 03e5 01       		.byte	1
 1022 03e6 1D       		.byte	29
 1023 03e7 20       		.byte	32
 1024 03e8 1E       		.byte	30
 1025 03e9 6C       		.byte	108
 1026 03ea 21       		.byte	33
ARM GAS  C:\Users\andre\AppData\Local\Temp\ccNKpkpz.s 			page 19


 1027 03eb 03       		.byte	3
 1028 03ec 22       		.byte	34
 1029 03ed 04       		.byte	4
 1030 03ee 25       		.byte	37
 1031 03ef 08       		.byte	8
 1032 03f0 26       		.byte	38
 1033 03f1 20       		.byte	32
 1034 03f2 28       		.byte	40
 1035 03f3 01       		.byte	1
 1036 03f4 29       		.byte	41
 1037 03f5 08       		.byte	8
 1038 03f6 2C       		.byte	44
 1039 03f7 04       		.byte	4
 1040 03f8 2D       		.byte	45
 1041 03f9 88       		.byte	-120
 1042 03fa 31       		.byte	49
 1043 03fb 02       		.byte	2
 1044 03fc 33       		.byte	51
 1045 03fd 24       		.byte	36
 1046 03fe 34       		.byte	52
 1047 03ff 40       		.byte	64
 1048 0400 36       		.byte	54
 1049 0401 86       		.byte	-122
 1050 0402 37       		.byte	55
 1051 0403 20       		.byte	32
 1052 0404 38       		.byte	56
 1053 0405 10       		.byte	16
 1054 0406 3E       		.byte	62
 1055 0407 98       		.byte	-104
 1056 0408 5E       		.byte	94
 1057 0409 20       		.byte	32
 1058 040a 6C       		.byte	108
 1059 040b 02       		.byte	2
 1060 040c 6F       		.byte	111
 1061 040d 24       		.byte	36
 1062 040e 75       		.byte	117
 1063 040f 84       		.byte	-124
 1064 0410 76       		.byte	118
 1065 0411 08       		.byte	8
 1066 0412 77       		.byte	119
 1067 0413 28       		.byte	40
 1068 0414 81       		.byte	-127
 1069 0415 08       		.byte	8
 1070 0416 82       		.byte	-126
 1071 0417 42       		.byte	66
 1072 0418 83       		.byte	-125
 1073 0419 10       		.byte	16
 1074 041a 86       		.byte	-122
 1075 041b 04       		.byte	4
 1076 041c 89       		.byte	-119
 1077 041d 08       		.byte	8
 1078 041e 90       		.byte	-112
 1079 041f 10       		.byte	16
 1080 0420 92       		.byte	-110
 1081 0421 10       		.byte	16
 1082 0422 95       		.byte	-107
 1083 0423 02       		.byte	2
ARM GAS  C:\Users\andre\AppData\Local\Temp\ccNKpkpz.s 			page 20


 1084 0424 96       		.byte	-106
 1085 0425 04       		.byte	4
 1086 0426 97       		.byte	-105
 1087 0427 10       		.byte	16
 1088 0428 98       		.byte	-104
 1089 0429 05       		.byte	5
 1090 042a 9D       		.byte	-99
 1091 042b 8C       		.byte	-116
 1092 042c 9E       		.byte	-98
 1093 042d 88       		.byte	-120
 1094 042e 9F       		.byte	-97
 1095 042f 14       		.byte	20
 1096 0430 A2       		.byte	-94
 1097 0431 80       		.byte	-128
 1098 0432 A4       		.byte	-92
 1099 0433 02       		.byte	2
 1100 0434 A5       		.byte	-91
 1101 0435 20       		.byte	32
 1102 0436 A6       		.byte	-90
 1103 0437 20       		.byte	32
 1104 0438 A7       		.byte	-89
 1105 0439 20       		.byte	32
 1106 043a C0       		.byte	-64
 1107 043b B0       		.byte	-80
 1108 043c C2       		.byte	-62
 1109 043d F0       		.byte	-16
 1110 043e C4       		.byte	-60
 1111 043f F0       		.byte	-16
 1112 0440 CA       		.byte	-54
 1113 0441 7A       		.byte	122
 1114 0442 CC       		.byte	-52
 1115 0443 F7       		.byte	-9
 1116 0444 CE       		.byte	-50
 1117 0445 74       		.byte	116
 1118 0446 D6       		.byte	-42
 1119 0447 20       		.byte	32
 1120 0448 E4       		.byte	-28
 1121 0449 08       		.byte	8
 1122 044a 33       		.byte	51
 1123 044b 80       		.byte	-128
 1124 044c CC       		.byte	-52
 1125 044d 10       		.byte	16
 1126 044e A7       		.byte	-89
 1127 044f 80       		.byte	-128
 1128 0450 A7       		.byte	-89
 1129 0451 80       		.byte	-128
 1130 0452 A7       		.byte	-89
 1131 0453 80       		.byte	-128
 1132 0454 5C       		.byte	92
 1133 0455 40       		.byte	64
 1134 0456 D6       		.byte	-42
 1135 0457 04       		.byte	4
 1136 0458 A8       		.byte	-88
 1137 0459 40       		.byte	64
 1138 045a 87       		.byte	-121
 1139 045b 80       		.byte	-128
 1140 045c A7       		.byte	-89
ARM GAS  C:\Users\andre\AppData\Local\Temp\ccNKpkpz.s 			page 21


 1141 045d 80       		.byte	-128
 1142 045e E6       		.byte	-26
 1143 045f 10       		.byte	16
 1144 0460 10       		.byte	16
 1145 0461 40       		.byte	64
 1146 0462 74       		.byte	116
 1147 0463 01       		.byte	1
 1148 0464 84       		.byte	-124
 1149 0465 01       		.byte	1
 1150 0466 88       		.byte	-120
 1151 0467 40       		.byte	64
 1152 0468 C4       		.byte	-60
 1153 0469 08       		.byte	8
 1154 046a DE       		.byte	-34
 1155 046b 04       		.byte	4
 1156 046c E2       		.byte	-30
 1157 046d 01       		.byte	1
 1158 046e 00       		.byte	0
 1159 046f 03       		.byte	3
 1160 0470 0C       		.byte	12
 1161 0471 01       		.byte	1
 1162 0472 0E       		.byte	14
 1163 0473 02       		.byte	2
 1164 0474 10       		.byte	16
 1165 0475 01       		.byte	1
 1166 0476 1C       		.byte	28
 1167 0477 01       		.byte	1
 1168 0478 00       		.byte	0
 1169 0479 03       		.byte	3
 1170 047a 00       		.byte	0
 1171 047b 00       		.byte	0
 1172 047c 80       		.byte	-128
 1173 047d 80       		.byte	-128
 1174 047e 00       		.byte	0
 1175 047f 00       		.byte	0
 1176 0480 40       		.byte	64
 1177 0481 00       		.byte	0
 1178 0482 00       		.byte	0
 1179 0483 00       		.byte	0
 1180 0484 80       		.byte	-128
 1181 0485 00       		.byte	0
 1182 0486 40       		.byte	64
 1183 0487 80       		.byte	-128
 1184 0488 80       		.byte	-128
 1185 0489 00       		.byte	0
 1186 048a 80       		.byte	-128
 1187 048b 00       		.byte	0
 1188 048c 00       		.byte	0
 1189 048d 00       		.byte	0
 1190 048e 00       		.byte	0
 1191 048f 00       		.byte	0
 1192 0490 00       		.byte	0
 1193 0491 01       		.byte	1
 1194 0492 01       		.byte	1
 1195 0493 00       		.byte	0
 1196 0494 01       		.byte	1
 1197 0495 00       		.byte	0
ARM GAS  C:\Users\andre\AppData\Local\Temp\ccNKpkpz.s 			page 22


 1198 0496 00       		.byte	0
 1199 0497 00       		.byte	0
 1200              		.global	cy_meta_custnvl
 1201              		.section	.cycustnvl,"a",%progbits
 1202              		.align	2
 1203              		.type	cy_meta_custnvl, %object
 1204              		.size	cy_meta_custnvl, 4
 1205              	cy_meta_custnvl:
 1206 0000 00       		.byte	0
 1207 0001 00       		.byte	0
 1208 0002 40       		.byte	64
 1209 0003 05       		.byte	5
 1210              		.global	cy_meta_wonvl
 1211              		.section	.cywolatch,"a",%progbits
 1212              		.align	2
 1213              		.type	cy_meta_wonvl, %object
 1214              		.size	cy_meta_wonvl, 4
 1215              	cy_meta_wonvl:
 1216 0000 BC       		.byte	-68
 1217 0001 90       		.byte	-112
 1218 0002 AC       		.byte	-84
 1219 0003 AF       		.byte	-81
 1220              		.global	cy_meta_flashprotect
 1221              		.section	.cyflashprotect,"a",%progbits
 1222              		.align	2
 1223              		.type	cy_meta_flashprotect, %object
 1224              		.size	cy_meta_flashprotect, 256
 1225              	cy_meta_flashprotect:
 1226 0000 00000000 		.space	256
 1226      00000000 
 1226      00000000 
 1226      00000000 
 1226      00000000 
 1227              		.global	cy_metadata
 1228              		.section	.cymeta,"a",%progbits
 1229              		.align	2
 1230              		.type	cy_metadata, %object
 1231              		.size	cy_metadata, 12
 1232              	cy_metadata:
 1233 0000 00       		.byte	0
 1234 0001 01       		.byte	1
 1235 0002 2E       		.byte	46
 1236 0003 16       		.byte	22
 1237 0004 10       		.byte	16
 1238 0005 69       		.byte	105
 1239 0006 00       		.byte	0
 1240 0007 01       		.byte	1
 1241 0008 00       		.byte	0
 1242 0009 00       		.byte	0
 1243 000a 00       		.byte	0
 1244 000b 00       		.byte	0
 1245              		.text
 1246              	.Letext0:
 1247              		.file 1 ".\\Generated_Source\\PSoC5\\cymetadata.c"
 1248              		.file 2 ".\\Generated_Source\\PSoC5\\cytypes.h"
 1249              		.section	.debug_info,"",%progbits
 1250              	.Ldebug_info0:
ARM GAS  C:\Users\andre\AppData\Local\Temp\ccNKpkpz.s 			page 23


 1251 0000 36010000 		.4byte	0x136
 1252 0004 0400     		.2byte	0x4
 1253 0006 00000000 		.4byte	.Ldebug_abbrev0
 1254 000a 04       		.byte	0x4
 1255 000b 01       		.uleb128 0x1
 1256 000c F9000000 		.4byte	.LASF18
 1257 0010 01       		.byte	0x1
 1258 0011 00000000 		.4byte	.LASF19
 1259 0015 4D000000 		.4byte	.LASF20
 1260 0019 00000000 		.4byte	.Ldebug_line0
 1261 001d 02       		.uleb128 0x2
 1262 001e 01       		.byte	0x1
 1263 001f 06       		.byte	0x6
 1264 0020 CD010000 		.4byte	.LASF0
 1265 0024 02       		.uleb128 0x2
 1266 0025 01       		.byte	0x1
 1267 0026 08       		.byte	0x8
 1268 0027 3F000000 		.4byte	.LASF1
 1269 002b 02       		.uleb128 0x2
 1270 002c 02       		.byte	0x2
 1271 002d 05       		.byte	0x5
 1272 002e B4010000 		.4byte	.LASF2
 1273 0032 02       		.uleb128 0x2
 1274 0033 02       		.byte	0x2
 1275 0034 07       		.byte	0x7
 1276 0035 8E000000 		.4byte	.LASF3
 1277 0039 02       		.uleb128 0x2
 1278 003a 04       		.byte	0x4
 1279 003b 05       		.byte	0x5
 1280 003c C4010000 		.4byte	.LASF4
 1281 0040 02       		.uleb128 0x2
 1282 0041 04       		.byte	0x4
 1283 0042 07       		.byte	0x7
 1284 0043 A1000000 		.4byte	.LASF5
 1285 0047 02       		.uleb128 0x2
 1286 0048 08       		.byte	0x8
 1287 0049 05       		.byte	0x5
 1288 004a A1010000 		.4byte	.LASF6
 1289 004e 02       		.uleb128 0x2
 1290 004f 08       		.byte	0x8
 1291 0050 07       		.byte	0x7
 1292 0051 E2000000 		.4byte	.LASF7
 1293 0055 03       		.uleb128 0x3
 1294 0056 04       		.byte	0x4
 1295 0057 05       		.byte	0x5
 1296 0058 696E7400 		.ascii	"int\000"
 1297 005c 02       		.uleb128 0x2
 1298 005d 04       		.byte	0x4
 1299 005e 07       		.byte	0x7
 1300 005f D5000000 		.4byte	.LASF8
 1301 0063 04       		.uleb128 0x4
 1302 0064 BE010000 		.4byte	.LASF21
 1303 0068 02       		.byte	0x2
 1304 0069 A1       		.byte	0xa1
 1305 006a 24000000 		.4byte	0x24
 1306 006e 02       		.uleb128 0x2
 1307 006f 04       		.byte	0x4
ARM GAS  C:\Users\andre\AppData\Local\Temp\ccNKpkpz.s 			page 24


 1308 0070 04       		.byte	0x4
 1309 0071 39000000 		.4byte	.LASF9
 1310 0075 02       		.uleb128 0x2
 1311 0076 08       		.byte	0x8
 1312 0077 04       		.byte	0x4
 1313 0078 26000000 		.4byte	.LASF10
 1314 007c 02       		.uleb128 0x2
 1315 007d 01       		.byte	0x1
 1316 007e 08       		.byte	0x8
 1317 007f AF010000 		.4byte	.LASF11
 1318 0083 05       		.uleb128 0x5
 1319 0084 63000000 		.4byte	0x63
 1320 0088 94000000 		.4byte	0x94
 1321 008c 06       		.uleb128 0x6
 1322 008d 94000000 		.4byte	0x94
 1323 0091 9704     		.2byte	0x497
 1324 0093 00       		.byte	0
 1325 0094 02       		.uleb128 0x2
 1326 0095 04       		.byte	0x4
 1327 0096 07       		.byte	0x7
 1328 0097 98010000 		.4byte	.LASF12
 1329 009b 07       		.uleb128 0x7
 1330 009c C3000000 		.4byte	.LASF13
 1331 00a0 01       		.byte	0x1
 1332 00a1 1C       		.byte	0x1c
 1333 00a2 AC000000 		.4byte	0xac
 1334 00a6 05       		.uleb128 0x5
 1335 00a7 03       		.byte	0x3
 1336 00a8 00000000 		.4byte	cy_meta_configecc
 1337 00ac 08       		.uleb128 0x8
 1338 00ad 83000000 		.4byte	0x83
 1339 00b1 05       		.uleb128 0x5
 1340 00b2 63000000 		.4byte	0x63
 1341 00b6 C1000000 		.4byte	0xc1
 1342 00ba 09       		.uleb128 0x9
 1343 00bb 94000000 		.4byte	0x94
 1344 00bf 03       		.byte	0x3
 1345 00c0 00       		.byte	0
 1346 00c1 07       		.uleb128 0x7
 1347 00c2 B3000000 		.4byte	.LASF14
 1348 00c6 01       		.byte	0x1
 1349 00c7 B9       		.byte	0xb9
 1350 00c8 D2000000 		.4byte	0xd2
 1351 00cc 05       		.uleb128 0x5
 1352 00cd 03       		.byte	0x3
 1353 00ce 00000000 		.4byte	cy_meta_custnvl
 1354 00d2 08       		.uleb128 0x8
 1355 00d3 B1000000 		.4byte	0xb1
 1356 00d7 07       		.uleb128 0x7
 1357 00d8 8A010000 		.4byte	.LASF15
 1358 00dc 01       		.byte	0x1
 1359 00dd C4       		.byte	0xc4
 1360 00de E8000000 		.4byte	0xe8
 1361 00e2 05       		.uleb128 0x5
 1362 00e3 03       		.byte	0x3
 1363 00e4 00000000 		.4byte	cy_meta_wonvl
 1364 00e8 08       		.uleb128 0x8
ARM GAS  C:\Users\andre\AppData\Local\Temp\ccNKpkpz.s 			page 25


 1365 00e9 B1000000 		.4byte	0xb1
 1366 00ed 05       		.uleb128 0x5
 1367 00ee 63000000 		.4byte	0x63
 1368 00f2 FD000000 		.4byte	0xfd
 1369 00f6 09       		.uleb128 0x9
 1370 00f7 94000000 		.4byte	0x94
 1371 00fb FF       		.byte	0xff
 1372 00fc 00       		.byte	0
 1373 00fd 07       		.uleb128 0x7
 1374 00fe 75010000 		.4byte	.LASF16
 1375 0102 01       		.byte	0x1
 1376 0103 CF       		.byte	0xcf
 1377 0104 0E010000 		.4byte	0x10e
 1378 0108 05       		.uleb128 0x5
 1379 0109 03       		.byte	0x3
 1380 010a 00000000 		.4byte	cy_meta_flashprotect
 1381 010e 08       		.uleb128 0x8
 1382 010f ED000000 		.4byte	0xed
 1383 0113 05       		.uleb128 0x5
 1384 0114 63000000 		.4byte	0x63
 1385 0118 23010000 		.4byte	0x123
 1386 011c 09       		.uleb128 0x9
 1387 011d 94000000 		.4byte	0x94
 1388 0121 0B       		.byte	0xb
 1389 0122 00       		.byte	0
 1390 0123 07       		.uleb128 0x7
 1391 0124 2D000000 		.4byte	.LASF17
 1392 0128 01       		.byte	0x1
 1393 0129 F9       		.byte	0xf9
 1394 012a 34010000 		.4byte	0x134
 1395 012e 05       		.uleb128 0x5
 1396 012f 03       		.byte	0x3
 1397 0130 00000000 		.4byte	cy_metadata
 1398 0134 08       		.uleb128 0x8
 1399 0135 13010000 		.4byte	0x113
 1400 0139 00       		.byte	0
 1401              		.section	.debug_abbrev,"",%progbits
 1402              	.Ldebug_abbrev0:
 1403 0000 01       		.uleb128 0x1
 1404 0001 11       		.uleb128 0x11
 1405 0002 01       		.byte	0x1
 1406 0003 25       		.uleb128 0x25
 1407 0004 0E       		.uleb128 0xe
 1408 0005 13       		.uleb128 0x13
 1409 0006 0B       		.uleb128 0xb
 1410 0007 03       		.uleb128 0x3
 1411 0008 0E       		.uleb128 0xe
 1412 0009 1B       		.uleb128 0x1b
 1413 000a 0E       		.uleb128 0xe
 1414 000b 10       		.uleb128 0x10
 1415 000c 17       		.uleb128 0x17
 1416 000d 00       		.byte	0
 1417 000e 00       		.byte	0
 1418 000f 02       		.uleb128 0x2
 1419 0010 24       		.uleb128 0x24
 1420 0011 00       		.byte	0
 1421 0012 0B       		.uleb128 0xb
ARM GAS  C:\Users\andre\AppData\Local\Temp\ccNKpkpz.s 			page 26


 1422 0013 0B       		.uleb128 0xb
 1423 0014 3E       		.uleb128 0x3e
 1424 0015 0B       		.uleb128 0xb
 1425 0016 03       		.uleb128 0x3
 1426 0017 0E       		.uleb128 0xe
 1427 0018 00       		.byte	0
 1428 0019 00       		.byte	0
 1429 001a 03       		.uleb128 0x3
 1430 001b 24       		.uleb128 0x24
 1431 001c 00       		.byte	0
 1432 001d 0B       		.uleb128 0xb
 1433 001e 0B       		.uleb128 0xb
 1434 001f 3E       		.uleb128 0x3e
 1435 0020 0B       		.uleb128 0xb
 1436 0021 03       		.uleb128 0x3
 1437 0022 08       		.uleb128 0x8
 1438 0023 00       		.byte	0
 1439 0024 00       		.byte	0
 1440 0025 04       		.uleb128 0x4
 1441 0026 16       		.uleb128 0x16
 1442 0027 00       		.byte	0
 1443 0028 03       		.uleb128 0x3
 1444 0029 0E       		.uleb128 0xe
 1445 002a 3A       		.uleb128 0x3a
 1446 002b 0B       		.uleb128 0xb
 1447 002c 3B       		.uleb128 0x3b
 1448 002d 0B       		.uleb128 0xb
 1449 002e 49       		.uleb128 0x49
 1450 002f 13       		.uleb128 0x13
 1451 0030 00       		.byte	0
 1452 0031 00       		.byte	0
 1453 0032 05       		.uleb128 0x5
 1454 0033 01       		.uleb128 0x1
 1455 0034 01       		.byte	0x1
 1456 0035 49       		.uleb128 0x49
 1457 0036 13       		.uleb128 0x13
 1458 0037 01       		.uleb128 0x1
 1459 0038 13       		.uleb128 0x13
 1460 0039 00       		.byte	0
 1461 003a 00       		.byte	0
 1462 003b 06       		.uleb128 0x6
 1463 003c 21       		.uleb128 0x21
 1464 003d 00       		.byte	0
 1465 003e 49       		.uleb128 0x49
 1466 003f 13       		.uleb128 0x13
 1467 0040 2F       		.uleb128 0x2f
 1468 0041 05       		.uleb128 0x5
 1469 0042 00       		.byte	0
 1470 0043 00       		.byte	0
 1471 0044 07       		.uleb128 0x7
 1472 0045 34       		.uleb128 0x34
 1473 0046 00       		.byte	0
 1474 0047 03       		.uleb128 0x3
 1475 0048 0E       		.uleb128 0xe
 1476 0049 3A       		.uleb128 0x3a
 1477 004a 0B       		.uleb128 0xb
 1478 004b 3B       		.uleb128 0x3b
ARM GAS  C:\Users\andre\AppData\Local\Temp\ccNKpkpz.s 			page 27


 1479 004c 0B       		.uleb128 0xb
 1480 004d 49       		.uleb128 0x49
 1481 004e 13       		.uleb128 0x13
 1482 004f 3F       		.uleb128 0x3f
 1483 0050 19       		.uleb128 0x19
 1484 0051 02       		.uleb128 0x2
 1485 0052 18       		.uleb128 0x18
 1486 0053 00       		.byte	0
 1487 0054 00       		.byte	0
 1488 0055 08       		.uleb128 0x8
 1489 0056 26       		.uleb128 0x26
 1490 0057 00       		.byte	0
 1491 0058 49       		.uleb128 0x49
 1492 0059 13       		.uleb128 0x13
 1493 005a 00       		.byte	0
 1494 005b 00       		.byte	0
 1495 005c 09       		.uleb128 0x9
 1496 005d 21       		.uleb128 0x21
 1497 005e 00       		.byte	0
 1498 005f 49       		.uleb128 0x49
 1499 0060 13       		.uleb128 0x13
 1500 0061 2F       		.uleb128 0x2f
 1501 0062 0B       		.uleb128 0xb
 1502 0063 00       		.byte	0
 1503 0064 00       		.byte	0
 1504 0065 00       		.byte	0
 1505              		.section	.debug_aranges,"",%progbits
 1506 0000 14000000 		.4byte	0x14
 1507 0004 0200     		.2byte	0x2
 1508 0006 00000000 		.4byte	.Ldebug_info0
 1509 000a 04       		.byte	0x4
 1510 000b 00       		.byte	0
 1511 000c 0000     		.2byte	0
 1512 000e 0000     		.2byte	0
 1513 0010 00000000 		.4byte	0
 1514 0014 00000000 		.4byte	0
 1515              		.section	.debug_line,"",%progbits
 1516              	.Ldebug_line0:
 1517 0000 4F000000 		.section	.debug_str,"MS",%progbits,1
 1517      02004900 
 1517      00000201 
 1517      FB0E0D00 
 1517      01010101 
 1518              	.LASF19:
 1519 0000 2E5C4765 		.ascii	".\\Generated_Source\\PSoC5\\cymetadata.c\000"
 1519      6E657261 
 1519      7465645F 
 1519      536F7572 
 1519      63655C50 
 1520              	.LASF10:
 1521 0026 646F7562 		.ascii	"double\000"
 1521      6C6500
 1522              	.LASF17:
 1523 002d 63795F6D 		.ascii	"cy_metadata\000"
 1523      65746164 
 1523      61746100 
 1524              	.LASF9:
ARM GAS  C:\Users\andre\AppData\Local\Temp\ccNKpkpz.s 			page 28


 1525 0039 666C6F61 		.ascii	"float\000"
 1525      7400
 1526              	.LASF1:
 1527 003f 756E7369 		.ascii	"unsigned char\000"
 1527      676E6564 
 1527      20636861 
 1527      7200
 1528              	.LASF20:
 1529 004d 443A5C57 		.ascii	"D:\\WindowsGitHub\\psoc-examples\\me235\\PWM_UART_M"
 1529      696E646F 
 1529      77734769 
 1529      74487562 
 1529      5C70736F 
 1530 007c 756C7469 		.ascii	"ultitasking.cydsn\000"
 1530      7461736B 
 1530      696E672E 
 1530      63796473 
 1530      6E00
 1531              	.LASF3:
 1532 008e 73686F72 		.ascii	"short unsigned int\000"
 1532      7420756E 
 1532      7369676E 
 1532      65642069 
 1532      6E7400
 1533              	.LASF5:
 1534 00a1 6C6F6E67 		.ascii	"long unsigned int\000"
 1534      20756E73 
 1534      69676E65 
 1534      6420696E 
 1534      7400
 1535              	.LASF14:
 1536 00b3 63795F6D 		.ascii	"cy_meta_custnvl\000"
 1536      6574615F 
 1536      63757374 
 1536      6E766C00 
 1537              	.LASF13:
 1538 00c3 63795F6D 		.ascii	"cy_meta_configecc\000"
 1538      6574615F 
 1538      636F6E66 
 1538      69676563 
 1538      6300
 1539              	.LASF8:
 1540 00d5 756E7369 		.ascii	"unsigned int\000"
 1540      676E6564 
 1540      20696E74 
 1540      00
 1541              	.LASF7:
 1542 00e2 6C6F6E67 		.ascii	"long long unsigned int\000"
 1542      206C6F6E 
 1542      6720756E 
 1542      7369676E 
 1542      65642069 
 1543              	.LASF18:
 1544 00f9 474E5520 		.ascii	"GNU C 4.8.4 20140526 (release) [ARM/embedded-4_8-br"
 1544      4320342E 
 1544      382E3420 
 1544      32303134 
ARM GAS  C:\Users\andre\AppData\Local\Temp\ccNKpkpz.s 			page 29


 1544      30353236 
 1545 012c 616E6368 		.ascii	"anch revision 211358] -mcpu=cortex-m3 -mthumb -g -O"
 1545      20726576 
 1545      6973696F 
 1545      6E203231 
 1545      31333538 
 1546 015f 30202D66 		.ascii	"0 -ffunction-sections\000"
 1546      66756E63 
 1546      74696F6E 
 1546      2D736563 
 1546      74696F6E 
 1547              	.LASF16:
 1548 0175 63795F6D 		.ascii	"cy_meta_flashprotect\000"
 1548      6574615F 
 1548      666C6173 
 1548      6870726F 
 1548      74656374 
 1549              	.LASF15:
 1550 018a 63795F6D 		.ascii	"cy_meta_wonvl\000"
 1550      6574615F 
 1550      776F6E76 
 1550      6C00
 1551              	.LASF12:
 1552 0198 73697A65 		.ascii	"sizetype\000"
 1552      74797065 
 1552      00
 1553              	.LASF6:
 1554 01a1 6C6F6E67 		.ascii	"long long int\000"
 1554      206C6F6E 
 1554      6720696E 
 1554      7400
 1555              	.LASF11:
 1556 01af 63686172 		.ascii	"char\000"
 1556      00
 1557              	.LASF2:
 1558 01b4 73686F72 		.ascii	"short int\000"
 1558      7420696E 
 1558      7400
 1559              	.LASF21:
 1560 01be 75696E74 		.ascii	"uint8\000"
 1560      3800
 1561              	.LASF4:
 1562 01c4 6C6F6E67 		.ascii	"long int\000"
 1562      20696E74 
 1562      00
 1563              	.LASF0:
 1564 01cd 7369676E 		.ascii	"signed char\000"
 1564      65642063 
 1564      68617200 
 1565              		.ident	"GCC: (GNU Tools for ARM Embedded Processors) 4.8.4 20140526 (release) [ARM/embedded-4_8-br
