--------------- Clean Started: 03/14/2018 13:35:22 Project: PWM_UART_Multitasking, Configuration: ARM GCC 4.8.4 Debug ---------------
Deleting file ".\CortexM3\ARM_GCC_484\Debug\main.o"
Deleting file ".\CortexM3\ARM_GCC_484\Debug\uart_helper_fcns.o"
Deleting file ".\CortexM3\ARM_GCC_484\Debug\cyfitter_cfg.o"
Deleting file ".\CortexM3\ARM_GCC_484\Debug\cymetadata.o"
Deleting file ".\CortexM3\ARM_GCC_484\Debug\PWM_Servo.o"
Deleting file ".\CortexM3\ARM_GCC_484\Debug\PWM_Servo_PM.o"
Deleting file ".\CortexM3\ARM_GCC_484\Debug\Clock_PWM.o"
Deleting file ".\CortexM3\ARM_GCC_484\Debug\Pin_Servo_Control.o"
Deleting file ".\CortexM3\ARM_GCC_484\Debug\Cm3Start.o"
Deleting file ".\CortexM3\ARM_GCC_484\Debug\CyBootAsmGnu.o"
Deleting file ".\CortexM3\ARM_GCC_484\Debug\CyDmac.o"
Deleting file ".\CortexM3\ARM_GCC_484\Debug\CyFlash.o"
Deleting file ".\CortexM3\ARM_GCC_484\Debug\CyLib.o"
Deleting file ".\CortexM3\ARM_GCC_484\Debug\cyPm.o"
Deleting file ".\CortexM3\ARM_GCC_484\Debug\CySpc.o"
Deleting file ".\CortexM3\ARM_GCC_484\Debug\cyutils.o"
Deleting file ".\CortexM3\ARM_GCC_484\Debug\UART_for_USB.o"
Deleting file ".\CortexM3\ARM_GCC_484\Debug\UART_for_USB_PM.o"
Deleting file ".\CortexM3\ARM_GCC_484\Debug\UART_for_USB_INT.o"
Deleting file ".\CortexM3\ARM_GCC_484\Debug\UART_for_USB_BOOT.o"
Deleting file ".\CortexM3\ARM_GCC_484\Debug\Interrupt_UART_Receive.o"
Deleting file ".\CortexM3\ARM_GCC_484\Debug\UART_for_USB_IntClock.o"
Deleting file ".\CortexM3\ARM_GCC_484\Debug\PWM_UART_Multitasking.hex"
Deleting file ".\CortexM3\ARM_GCC_484\Debug\PWM_UART_Multitasking.map"
Deleting file ".\PWM_UART_Multitasking.cycdx"
Deleting file ".\PWM_UART_Multitasking.svd"
Deleting file ".\PWM_UART_Multitasking.rpt"
Deleting file ".\PWM_UART_Multitasking_timing.html"
Deleting file ".\CortexM3\ARM_GCC_484\Debug\.deps\C_FILE.P"
Deleting file ".\CortexM3\ARM_GCC_484\Debug\.deps\ARM_C_FILE.P"
Deleting file ".\CortexM3\ARM_GCC_484\Debug\.deps\GNU_ARM_ASM_FILE.P"
--------------- Clean Succeeded: 03/14/2018 13:35:22 ---------------
